Testing eu-central-1: ❌ Can't reach database server at `aws-0-eu-central-1.pooler.supabase.com:6543`

Please make sure your database server is running at `aws-0-eu-central-1.pooler.supabase.com:6543`.
Testing eu-west-1: ❌ Can't reach database server at `aws-0-eu-west-1.pooler.supabase.com:6543`

Please make sure your database server is running at `aws-0-eu-west-1.pooler.supabase.com:6543`.
Testing eu-west-2: ❌ Can't reach database server at `aws-0-eu-west-2.pooler.supabase.com:6543`

Please make sure your database server is running at `aws-0-eu-west-2.pooler.supabase.com:6543`.
Testing eu-west-3: ❌ Can't reach database server at `aws-0-eu-west-3.pooler.supabase.com:6543`

Please make sure your database server is running at `aws-0-eu-west-3.pooler.supabase.com:6543`.
Testing eu-north-1: ❌ Can't reach database server at `aws-0-eu-north-1.pooler.supabase.com:6543`

Please make sure your database server is running at `aws-0-eu-north-1.pooler.supabase.com:6543`.
Testing us-east-1: ❌ Can't reach database server at `aws-0-us-east-1.pooler.supabase.com:6543`

Please make sure your database server is running at `aws-0-us-east-1.pooler.supabase.com:6543`.
Testing us-east-2: ❌ Can't reach database server at `aws-0-us-east-2.pooler.supabase.com:6543`

Please make sure your database server is running at `aws-0-us-east-2.pooler.supabase.com:6543`.
Testing us-west-1: ❌ Can't reach database server at `aws-0-us-west-1.pooler.supabase.com:6543`

Please make sure your database server is running at `aws-0-us-west-1.pooler.supabase.com:6543`.
Testing us-west-2: ❌ Can't reach database server at `aws-0-us-west-2.pooler.supabase.com:6543`

Please make sure your database server is running at `aws-0-us-west-2.pooler.supabase.com:6543`.
Testing ap-northeast-1: ❌ Can't reach database server at `aws-0-ap-northeast-1.pooler.supabase.com:6543`

Please make sure your database server is running at `aws-0-ap-northeast-1.pooler.supabase.com:6543`.
Testing ap-northeast-2: ❌ Can't reach database server at `aws-0-ap-northeast-2.pooler.supabase.com:6543`

Please make sure your database server is running at `aws-0-ap-northeast-2.pooler.supabase.com:6543`.
Testing ap-northeast-3: ❌ Can't reach database server at `aws-0-ap-northeast-3.pooler.supabase.com:6543`

Please make sure your database server is running at `aws-0-ap-northeast-3.pooler.supabase.com:6543`.
Testing ap-south-1: ❌ Can't reach database server at `aws-0-ap-south-1.pooler.supabase.com:6543`

Please make sure your database server is running at `aws-0-ap-south-1.pooler.supabase.com:6543`.
Testing ap-southeast-1: ❌ Can't reach database server at `aws-0-ap-southeast-1.pooler.supabase.com:6543`

Please make sure your database server is running at `aws-0-ap-southeast-1.pooler.supabase.com:6543`.
Testing ap-southeast-2: ❌ Can't reach database server at `aws-0-ap-southeast-2.pooler.supabase.com:6543`

Please make sure your database server is running at `aws-0-ap-southeast-2.pooler.supabase.com:6543`.
Testing ca-central-1: ❌ Can't reach database server at `aws-0-ca-central-1.pooler.supabase.com:6543`

Please make sure your database server is running at `aws-0-ca-central-1.pooler.supabase.com:6543`.
Testing me-south-1: ❌ Can't reach database server at `aws-0-me-south-1.pooler.supabase.com:6543`

Please make sure your database server is running at `aws-0-me-south-1.pooler.supabase.com:6543`.
Testing sa-east-1: ❌ Can't reach database server at `aws-0-sa-east-1.pooler.supabase.com:6543`

Please make sure your database server is running at `aws-0-sa-east-1.pooler.supabase.com:6543`.
Testing af-south-1: ❌ Can't reach database server at `aws-0-af-south-1.pooler.supabase.com:6543`

Please make sure your database server is running at `aws-0-af-south-1.pooler.supabase.com:6543`.
